SF:lib\services\auth.dart
DA:13,2
DA:18,2
DA:19,0
DA:20,0
DA:22,4
DA:23,4
DA:27,1
DA:32,3
DA:35,1
DA:36,4
DA:39,2
DA:40,4
DA:42,6
DA:43,1
DA:45,2
DA:48,2
DA:49,4
DA:51,6
DA:52,1
DA:54,2
DA:57,2
DA:60,4
DA:62,2
DA:63,2
DA:64,2
DA:65,2
DA:68,4
DA:69,6
DA:70,1
DA:72,1
DA:77,1
DA:79,2
DA:80,0
DA:82,2
LF:34
LH:31
end_of_record
SF:lib\model\user_model.dart
DA:5,2
LF:1
LH:1
end_of_record
SF:lib\services\data_services.dart
DA:6,3
DA:12,3
DA:13,3
DA:14,0
DA:16,6
DA:23,3
DA:25,12
DA:27,9
DA:28,6
DA:31,15
DA:32,3
DA:34,3
DA:35,3
DA:36,6
DA:37,9
DA:38,9
DA:45,3
DA:46,3
DA:49,0
DA:52,0
DA:57,2
DA:60,8
DA:61,6
DA:62,6
DA:67,2
DA:70,2
DA:71,12
DA:72,2
DA:86,2
DA:87,2
DA:88,2
DA:89,2
DA:90,2
DA:91,4
DA:94,1
DA:96,1
DA:99,3
DA:100,3
DA:101,1
DA:109,1
DA:110,1
DA:111,1
DA:114,2
DA:115,1
DA:116,1
DA:122,1
DA:123,1
DA:126,1
DA:129,1
DA:133,1
DA:134,1
DA:142,1
DA:143,1
DA:144,1
DA:145,1
DA:146,1
DA:148,6
DA:150,3
DA:151,2
DA:152,2
DA:155,1
DA:156,1
DA:161,3
DA:165,1
DA:166,1
DA:167,1
DA:175,1
DA:176,1
DA:177,1
DA:178,1
DA:179,1
DA:181,6
DA:182,1
DA:183,1
DA:184,3
DA:185,1
DA:186,3
DA:187,2
DA:188,1
DA:192,2
DA:193,2
DA:194,2
DA:195,2
DA:196,2
DA:197,2
DA:198,2
DA:199,2
DA:200,8
DA:202,6
DA:203,4
DA:204,4
DA:207,2
DA:208,1
LF:93
LH:90
end_of_record
SF:lib\model\recipe.dart
DA:12,2
DA:28,3
DA:30,2
DA:31,2
DA:32,10
DA:33,2
LF:6
LH:6
end_of_record
SF:lib\widget\bottom_navbar.dart
DA:9,2
DA:10,2
DA:11,2
DA:32,1
DA:33,2
DA:34,1
DA:37,1
DA:38,1
DA:39,1
DA:40,0
DA:41,0
DA:42,0
DA:44,0
DA:45,0
DA:47,0
DA:48,0
DA:49,0
DA:50,0
DA:53,0
DA:55,0
DA:56,0
DA:57,0
DA:61,0
DA:62,0
DA:66,0
DA:67,0
DA:77,2
DA:79,2
DA:80,2
DA:81,4
DA:84,2
DA:86,2
DA:87,2
DA:88,4
DA:92,2
DA:93,4
DA:97,2
DA:98,4
LF:38
LH:21
end_of_record
SF:lib\widget\calories_chart.dart
DA:6,2
DA:15,2
DA:16,2
DA:23,2
DA:25,2
DA:26,4
DA:27,0
DA:28,0
DA:30,2
DA:34,0
DA:35,0
DA:36,0
DA:38,0
DA:41,2
DA:43,2
DA:44,4
DA:45,8
DA:46,2
DA:47,2
DA:49,2
DA:50,4
DA:51,4
LF:22
LH:16
end_of_record
SF:lib\widget\daily_counter.dart
DA:6,2
DA:9,2
DA:10,2
DA:18,2
DA:20,2
DA:21,4
DA:22,0
DA:23,0
DA:25,2
DA:29,0
DA:30,0
DA:31,0
DA:32,0
DA:35,0
DA:38,2
DA:40,2
DA:41,2
DA:44,2
DA:45,2
DA:46,2
DA:50,2
DA:51,2
DA:52,2
DA:53,2
DA:55,2
DA:56,4
DA:71,2
DA:72,2
DA:74,2
DA:75,4
DA:90,2
DA:91,2
DA:93,2
DA:94,8
LF:34
LH:27
end_of_record
SF:lib\widget\dashboard_card.dart
DA:6,4
DA:20,1
DA:21,1
DA:25,1
DA:27,1
DA:28,1
DA:31,1
DA:32,1
DA:33,1
DA:36,1
DA:37,1
DA:38,1
DA:39,1
DA:41,1
DA:42,1
DA:43,2
DA:57,1
DA:58,1
DA:59,1
DA:61,1
DA:69,1
DA:72,1
DA:73,9
LF:23
LH:23
end_of_record
SF:lib\widget\data_tile.dart
DA:4,2
DA:13,2
DA:14,2
DA:18,2
DA:20,2
DA:23,2
DA:25,2
DA:27,2
DA:28,6
DA:29,2
DA:31,2
DA:33,2
DA:34,2
DA:35,4
DA:36,6
DA:40,2
DA:43,2
DA:44,2
DA:45,2
DA:46,4
DA:47,2
DA:53,2
DA:54,2
DA:55,4
DA:56,2
LF:25
LH:25
end_of_record
SF:lib\widget\ingridient_tile.dart
DA:6,2
DA:8,2
DA:10,2
DA:11,6
DA:12,2
DA:13,2
DA:14,4
DA:15,2
DA:17,2
DA:18,2
DA:20,2
DA:21,4
DA:22,2
DA:23,2
DA:26,2
DA:28,2
DA:29,4
DA:30,2
DA:34,2
LF:19
LH:19
end_of_record
SF:lib\widget\insertData.dart
DA:6,1
DA:8,1
DA:9,1
DA:28,1
DA:30,1
DA:31,2
DA:32,0
DA:34,1
DA:46,1
DA:49,2
DA:50,1
DA:53,1
DA:55,1
DA:56,1
DA:57,1
DA:58,1
DA:60,1
DA:61,1
DA:62,1
DA:63,1
DA:64,1
DA:65,1
DA:66,1
DA:67,1
DA:72,0
DA:73,0
DA:80,1
DA:82,1
DA:83,1
DA:84,1
DA:85,1
DA:86,1
DA:87,1
DA:88,1
DA:94,0
DA:95,0
DA:103,1
DA:105,1
DA:106,1
DA:107,1
DA:108,1
DA:109,1
DA:110,1
DA:111,1
DA:117,0
DA:118,0
DA:126,1
DA:128,1
DA:129,1
DA:130,1
DA:131,1
DA:132,1
DA:133,1
DA:134,1
DA:140,0
DA:141,0
DA:149,1
DA:150,1
DA:151,1
DA:152,1
DA:153,1
DA:154,1
DA:155,1
DA:161,0
DA:162,0
DA:169,1
DA:170,1
DA:172,3
DA:173,1
DA:175,1
DA:177,1
DA:178,0
DA:179,0
DA:180,0
DA:186,1
DA:187,1
DA:188,1
DA:189,0
DA:190,0
DA:193,1
DA:194,1
DA:195,0
DA:196,0
DA:197,0
DA:198,0
DA:199,0
DA:200,0
DA:201,0
DA:202,0
DA:203,0
DA:205,0
LF:91
LH:65
end_of_record
SF:lib\widget\insertproduct_popup.dart
DA:9,1
DA:12,1
DA:13,1
DA:20,1
DA:22,1
DA:23,2
DA:24,1
DA:50,1
DA:52,6
DA:53,6
DA:54,6
DA:55,6
DA:56,2
DA:57,0
DA:58,0
DA:61,1
DA:66,1
DA:68,1
DA:69,1
DA:71,1
DA:74,1
DA:75,1
DA:76,1
DA:77,1
DA:81,1
DA:82,1
DA:83,0
DA:84,0
DA:85,0
DA:90,1
DA:91,2
DA:92,1
DA:93,0
DA:94,0
DA:95,0
DA:96,0
DA:98,0
DA:100,0
DA:104,3
DA:106,1
DA:107,2
DA:108,1
DA:110,1
DA:111,0
DA:112,0
DA:114,0
DA:119,3
DA:122,1
DA:123,1
DA:124,1
DA:125,1
DA:126,2
DA:127,1
DA:129,1
DA:130,4
DA:132,1
DA:133,3
DA:134,4
DA:135,4
DA:136,4
DA:140,1
DA:141,0
DA:142,0
DA:143,0
DA:146,1
DA:147,1
DA:154,1
DA:155,1
DA:157,3
DA:158,1
DA:160,1
DA:162,1
DA:163,0
DA:164,0
DA:165,0
DA:173,1
DA:174,1
DA:175,1
DA:177,3
DA:179,0
DA:180,0
DA:184,1
DA:185,1
DA:186,1
DA:187,1
DA:189,3
DA:191,0
DA:192,0
DA:193,0
DA:194,0
DA:195,0
LF:91
LH:64
end_of_record
SF:lib\widget\main_drawer.dart
DA:8,5
DA:10,1
DA:11,1
DA:12,1
DA:16,1
DA:28,1
DA:31,1
DA:32,0
DA:37,1
DA:38,1
DA:39,1
DA:40,1
DA:41,1
DA:46,3
DA:54,1
DA:57,0
DA:58,0
DA:64,1
DA:67,0
DA:68,0
DA:70,0
DA:71,0
DA:72,0
DA:77,1
DA:80,0
DA:81,0
DA:82,0
DA:85,0
DA:87,0
DA:88,0
DA:89,0
LF:31
LH:16
end_of_record
SF:lib\services\meal_services.dart
DA:7,1
DA:8,1
DA:22,0
DA:26,2
DA:27,1
DA:28,3
DA:29,2
DA:30,1
DA:32,4
DA:33,4
DA:34,3
DA:35,1
DA:36,4
DA:37,1
DA:38,4
DA:39,5
DA:40,1
DA:41,4
DA:47,1
DA:49,2
DA:50,1
DA:51,1
DA:52,1
DA:53,1
DA:54,2
DA:55,1
DA:56,3
DA:58,2
DA:59,1
DA:60,3
DA:62,2
DA:63,1
DA:66,6
DA:67,2
DA:68,4
DA:70,1
DA:75,1
DA:76,1
DA:77,2
DA:78,3
DA:79,1
DA:80,3
DA:82,1
DA:87,1
DA:88,2
DA:89,1
DA:90,1
DA:93,2
DA:94,1
DA:96,3
DA:98,2
DA:99,1
DA:102,6
DA:103,2
DA:104,4
DA:106,1
DA:111,1
DA:112,2
DA:113,1
DA:114,1
DA:117,2
DA:118,1
DA:119,3
DA:121,2
DA:122,1
DA:125,5
DA:126,2
DA:127,4
DA:129,1
DA:134,1
DA:135,2
DA:136,1
DA:137,2
DA:139,1
DA:140,1
DA:142,1
DA:147,3
DA:149,2
DA:151,1
LF:79
LH:78
end_of_record
SF:lib\main.dart
DA:11,3
DA:14,1
DA:15,1
DA:16,0
DA:22,1
DA:23,1
DA:28,1
DA:30,1
DA:31,1
DA:32,1
DA:33,0
DA:36,1
DA:38,1
DA:40,1
DA:41,1
DA:44,3
DA:54,1
DA:55,1
DA:56,1
DA:58,1
LF:20
LH:18
end_of_record
SF:lib\screens\login_screen.dart
DA:9,5
DA:14,1
DA:19,1
DA:20,1
DA:28,1
DA:30,2
DA:31,2
DA:32,1
DA:35,1
DA:37,1
DA:38,5
DA:39,1
DA:40,0
DA:41,0
DA:44,3
DA:50,1
DA:52,2
DA:53,0
DA:54,0
DA:55,0
DA:57,3
DA:63,1
DA:65,2
DA:66,0
DA:68,2
DA:69,2
DA:70,2
DA:71,2
DA:74,1
DA:75,1
DA:78,1
DA:79,1
DA:81,1
DA:87,1
DA:88,1
DA:89,1
DA:91,1
DA:92,1
DA:94,1
DA:95,1
DA:99,0
DA:100,0
DA:107,1
DA:109,1
DA:111,1
DA:114,0
DA:115,0
DA:117,0
DA:124,1
DA:125,0
DA:126,0
DA:129,1
DA:130,0
DA:131,0
DA:132,0
DA:139,1
DA:140,4
DA:141,1
DA:146,0
DA:147,0
DA:154,1
DA:156,1
DA:157,1
LF:63
LH:45
end_of_record
SF:lib\screens\home_screen.dart
DA:11,9
DA:14,1
DA:15,1
DA:17,0
DA:18,0
DA:23,1
DA:25,1
DA:26,1
DA:29,1
DA:30,1
DA:33,1
DA:37,1
DA:38,1
DA:39,1
DA:40,1
DA:42,1
DA:44,2
DA:45,2
DA:50,1
DA:52,1
DA:54,1
DA:55,1
DA:57,1
DA:58,1
DA:62,3
DA:72,1
DA:104,1
DA:105,2
DA:106,1
LF:29
LH:27
end_of_record
SF:lib\screens\dashboard_screen.dart
DA:10,4
DA:15,1
DA:16,1
DA:22,2
DA:23,2
DA:26,1
DA:28,1
DA:30,2
DA:31,0
DA:32,0
DA:33,3
DA:34,2
DA:35,4
DA:39,1
DA:40,2
DA:42,5
DA:43,1
DA:45,2
DA:48,2
DA:49,2
DA:50,3
DA:51,2
DA:52,2
DA:53,2
DA:54,2
DA:55,2
DA:59,2
DA:60,2
DA:68,2
DA:74,1
DA:75,2
DA:76,0
DA:79,2
DA:80,1
DA:81,2
DA:83,2
DA:84,2
DA:87,1
DA:89,1
DA:90,1
DA:91,3
DA:93,0
DA:94,0
DA:96,0
DA:97,0
DA:102,1
DA:104,1
DA:105,1
DA:106,1
DA:107,1
DA:108,1
DA:109,1
DA:110,1
DA:113,2
DA:114,0
DA:115,0
LF:56
LH:47
end_of_record
SF:lib\screens\data_screen.dart
DA:9,4
DA:12,1
DA:13,1
DA:26,1
DA:28,1
DA:29,2
DA:30,0
DA:31,0
DA:34,2
DA:37,0
DA:38,0
DA:40,0
DA:41,0
DA:42,0
DA:43,0
DA:44,0
DA:45,0
DA:46,0
DA:47,0
DA:49,0
DA:50,0
DA:51,0
DA:52,0
DA:53,0
DA:56,1
DA:58,1
DA:59,2
DA:70,1
DA:71,4
DA:72,5
DA:73,3
DA:74,1
DA:83,1
DA:84,1
DA:86,4
DA:88,1
DA:90,4
DA:92,1
DA:94,4
DA:96,1
DA:98,4
DA:112,1
DA:113,4
DA:114,5
DA:115,3
DA:116,1
DA:125,1
DA:126,1
DA:128,4
DA:130,1
DA:132,4
DA:134,1
DA:136,4
DA:138,1
DA:140,4
DA:142,1
DA:144,4
DA:146,1
DA:148,4
DA:162,1
DA:163,4
DA:164,5
DA:165,3
DA:166,1
DA:175,1
DA:176,1
DA:178,4
DA:180,1
DA:182,4
DA:184,1
DA:186,4
DA:188,1
DA:190,4
DA:192,1
DA:194,4
DA:196,1
DA:198,4
DA:212,1
DA:215,2
DA:217,1
DA:220,2
DA:222,1
DA:225,2
DA:227,1
DA:230,2
DA:242,1
DA:245,2
DA:247,1
DA:250,2
DA:252,1
DA:255,2
DA:257,1
DA:260,2
LF:93
LH:76
end_of_record
SF:lib\screens\setttings_screen.dart
DA:13,2
DA:18,1
DA:19,1
DA:29,1
DA:30,1
DA:31,2
DA:32,2
DA:35,1
DA:36,1
DA:37,2
DA:38,2
DA:41,1
DA:42,1
DA:43,2
DA:44,1
DA:45,2
DA:46,2
DA:51,1
DA:53,2
DA:54,0
DA:56,1
DA:57,4
DA:60,2
DA:61,3
DA:62,1
DA:63,3
DA:66,1
DA:67,1
DA:69,1
DA:70,1
DA:73,2
DA:75,0
DA:76,0
DA:77,0
DA:81,1
DA:82,1
DA:85,1
DA:86,1
DA:89,1
DA:90,1
DA:93,1
DA:94,1
DA:95,1
DA:96,2
DA:99,1
DA:100,1
DA:101,3
DA:104,1
DA:106,1
DA:107,1
DA:108,1
DA:110,1
DA:111,2
DA:113,1
DA:114,2
DA:116,1
DA:117,1
DA:118,1
DA:119,0
DA:120,0
DA:121,0
DA:122,0
DA:123,0
DA:126,1
DA:127,1
DA:128,1
DA:129,1
DA:130,1
DA:133,0
DA:135,1
DA:138,0
DA:144,1
DA:145,1
DA:146,1
DA:147,1
DA:148,1
DA:151,1
DA:155,1
DA:157,1
DA:158,0
DA:159,0
DA:160,0
DA:161,0
DA:164,1
DA:165,0
DA:166,0
DA:167,0
DA:168,0
DA:171,1
DA:172,0
DA:173,0
DA:174,0
DA:175,0
DA:179,1
DA:180,1
DA:181,1
DA:182,1
DA:183,1
DA:186,1
DA:190,1
DA:191,1
DA:192,0
DA:193,0
DA:194,0
DA:197,1
DA:198,1
DA:200,1
DA:203,1
DA:204,0
DA:205,0
DA:209,0
DA:210,0
DA:215,1
DA:216,1
DA:217,1
DA:219,2
DA:220,1
DA:221,1
DA:222,0
DA:223,0
LF:120
LH:88
end_of_record
SF:lib\screens\recipes_screen.dart
DA:12,4
DA:14,1
DA:18,1
DA:19,1
DA:21,0
DA:22,0
DA:52,1
DA:53,1
DA:54,2
DA:55,0
DA:57,2
DA:59,0
DA:60,0
DA:61,0
DA:62,0
DA:64,0
DA:68,1
DA:69,2
DA:71,6
DA:76,1
DA:77,1
DA:78,2
DA:79,0
DA:80,0
DA:82,2
DA:84,0
DA:85,0
DA:86,0
DA:87,0
DA:89,0
DA:93,1
DA:94,2
DA:96,6
DA:101,1
DA:102,4
DA:105,0
DA:106,0
DA:107,0
DA:109,0
DA:111,0
DA:112,0
DA:113,0
DA:114,0
DA:116,0
DA:120,0
DA:121,0
DA:125,1
DA:126,6
DA:129,0
DA:130,0
DA:131,0
DA:133,0
DA:135,0
DA:136,0
DA:137,0
DA:138,0
DA:140,0
DA:144,0
DA:145,0
DA:149,1
DA:150,2
DA:151,1
DA:154,0
DA:155,0
DA:156,0
DA:158,0
DA:159,0
DA:160,0
DA:162,0
DA:163,0
DA:164,0
DA:165,0
DA:167,0
DA:168,0
DA:170,0
DA:171,0
DA:175,1
DA:176,2
DA:177,0
DA:179,2
DA:180,4
DA:183,2
DA:184,1
DA:185,2
DA:186,1
DA:187,2
DA:188,2
DA:189,2
DA:191,2
DA:192,2
DA:224,1
DA:226,1
DA:228,1
DA:229,2
DA:233,1
DA:235,1
DA:236,2
DA:240,1
DA:242,1
DA:243,2
DA:247,1
DA:249,1
DA:250,2
DA:253,1
DA:255,1
DA:256,2
DA:262,1
DA:264,1
DA:265,2
DA:266,1
DA:267,1
DA:273,1
DA:274,1
DA:275,1
DA:276,1
DA:277,1
DA:283,2
DA:284,1
DA:285,1
DA:292,1
DA:293,1
DA:294,1
DA:295,1
DA:296,1
DA:302,2
DA:303,1
DA:304,1
DA:311,1
DA:312,1
DA:313,1
DA:314,1
DA:315,1
DA:321,2
DA:322,1
DA:323,1
DA:330,1
DA:331,1
DA:332,1
DA:333,1
DA:334,1
DA:340,2
DA:341,1
DA:342,1
DA:349,1
DA:350,1
DA:351,1
DA:352,1
DA:353,1
DA:360,2
DA:361,1
DA:362,3
DA:363,1
DA:367,1
DA:370,0
DA:371,0
DA:375,1
DA:376,3
DA:377,1
DA:378,2
DA:379,1
DA:381,1
DA:382,1
DA:383,1
DA:384,3
DA:390,1
DA:391,0
DA:392,0
DA:393,0
DA:394,0
DA:396,0
DA:397,0
DA:398,0
DA:401,1
DA:402,2
DA:403,2
DA:404,2
DA:405,2
DA:406,2
DA:411,1
DA:412,1
DA:413,1
DA:415,1
DA:416,1
DA:417,2
DA:421,1
DA:422,0
DA:423,0
DA:424,0
DA:431,1
DA:432,1
DA:434,3
DA:435,1
DA:437,1
DA:439,1
DA:440,0
DA:441,0
DA:442,0
DA:447,1
DA:448,1
DA:449,0
DA:450,0
DA:451,0
DA:452,0
DA:456,1
DA:457,0
DA:458,0
DA:459,0
DA:464,1
DA:465,1
DA:466,1
DA:468,1
DA:469,1
DA:471,2
DA:475,1
DA:476,0
DA:477,0
DA:478,0
DA:488,1
DA:489,0
DA:490,0
DA:491,0
DA:494,1
DA:495,1
DA:502,1
DA:503,1
DA:505,3
DA:506,1
DA:508,1
DA:510,1
DA:511,0
DA:512,0
DA:513,0
DA:518,1
DA:519,1
DA:520,0
DA:521,0
DA:522,0
DA:523,0
DA:527,1
DA:528,0
DA:529,0
DA:530,0
DA:535,1
DA:536,1
DA:537,1
DA:539,1
DA:540,1
DA:541,2
DA:545,1
DA:548,0
DA:549,0
DA:550,0
DA:560,1
DA:561,0
DA:562,0
DA:563,0
DA:570,1
DA:571,1
DA:573,3
DA:574,1
DA:576,1
DA:578,1
DA:579,0
DA:580,0
DA:581,0
DA:586,1
DA:587,1
DA:588,0
DA:589,0
DA:590,0
DA:591,0
DA:595,1
DA:596,0
DA:597,0
DA:598,0
DA:604,1
DA:605,1
DA:606,1
DA:608,1
DA:609,2
DA:610,4
DA:611,4
DA:612,4
DA:613,4
DA:615,1
DA:616,1
DA:617,0
DA:618,0
DA:619,0
DA:620,0
DA:624,1
DA:625,0
DA:626,0
DA:627,0
DA:632,1
DA:633,1
DA:634,1
DA:636,1
DA:637,1
DA:638,2
DA:639,1
DA:640,1
DA:642,3
DA:643,1
DA:645,1
DA:647,1
DA:648,0
DA:649,0
DA:650,0
DA:655,1
DA:656,1
DA:657,0
DA:658,0
DA:659,0
DA:660,0
DA:664,1
DA:665,0
DA:666,0
DA:667,0
DA:672,1
DA:673,1
DA:674,1
DA:676,1
DA:677,1
DA:678,2
DA:679,1
DA:680,1
DA:682,3
DA:683,1
DA:685,1
DA:687,1
DA:688,0
DA:689,0
DA:690,0
DA:694,1
DA:695,1
DA:697,3
DA:698,1
DA:700,1
DA:702,1
DA:703,0
DA:704,0
DA:705,0
DA:710,1
DA:711,1
DA:712,0
DA:713,0
DA:714,0
DA:715,0
DA:719,1
DA:720,0
DA:721,0
DA:722,0
DA:727,1
DA:728,1
DA:729,1
DA:731,2
DA:732,1
DA:733,1
DA:734,0
DA:735,0
DA:736,0
LF:362
LH:223
end_of_record
SF:lib\screens\tabs_screen.dart
DA:9,1
DA:11,1
DA:12,1
DA:18,1
DA:20,1
DA:22,2
DA:23,1
DA:24,1
DA:25,2
DA:29,1
DA:30,1
DA:31,2
DA:35,1
DA:36,1
DA:37,2
DA:46,0
DA:47,0
DA:48,0
DA:52,1
DA:54,1
DA:55,1
DA:56,6
DA:58,1
DA:59,2
DA:61,4
DA:62,1
DA:63,1
DA:64,2
DA:67,1
DA:69,1
DA:70,1
DA:71,2
DA:75,1
DA:76,2
DA:80,1
DA:81,2
LF:36
LH:33
end_of_record
SF:lib\screens\register_screen.dart
DA:7,3
DA:12,1
DA:16,1
DA:17,1
DA:26,1
DA:28,2
DA:29,2
DA:30,1
DA:33,1
DA:35,1
DA:36,5
DA:37,1
DA:38,0
DA:39,0
DA:42,3
DA:48,1
DA:50,2
DA:51,0
DA:53,2
DA:54,2
DA:55,2
DA:56,2
DA:59,1
DA:60,1
DA:63,1
DA:64,1
DA:66,1
DA:72,1
DA:73,1
DA:74,1
DA:76,1
DA:77,1
DA:79,1
DA:84,0
DA:85,0
DA:90,1
DA:93,1
DA:95,1
DA:97,1
DA:100,0
DA:101,0
DA:103,0
DA:110,1
DA:111,0
DA:112,0
LF:45
LH:35
end_of_record
SF:lib\screens\recipe_details_screen.dart
DA:14,1
DA:17,1
DA:18,1
DA:34,1
DA:36,1
DA:37,2
DA:38,2
DA:39,2
DA:40,0
DA:43,2
DA:44,0
DA:46,1
DA:50,1
DA:51,2
DA:52,0
DA:54,2
DA:55,4
DA:60,2
DA:61,0
DA:62,0
DA:64,2
DA:65,3
DA:66,7
DA:68,1
DA:69,3
DA:70,9
DA:72,1
DA:73,6
DA:74,3
DA:76,1
DA:77,6
DA:78,3
DA:80,1
DA:81,1
DA:82,3
DA:85,2
DA:87,1
DA:88,0
DA:91,0
DA:92,0
DA:96,0
DA:97,0
DA:98,0
DA:99,0
DA:101,0
DA:102,0
DA:105,0
DA:109,0
DA:111,0
DA:117,1
DA:119,1
DA:120,1
DA:121,2
DA:123,1
DA:124,2
DA:127,1
DA:128,1
DA:131,2
DA:132,1
DA:133,1
DA:134,1
DA:135,1
DA:137,1
DA:138,1
DA:140,2
DA:147,1
DA:148,0
DA:150,0
DA:153,0
DA:156,1
DA:157,1
DA:159,1
DA:160,1
DA:162,6
DA:166,1
DA:167,1
DA:168,0
DA:169,0
DA:170,0
DA:171,0
DA:175,1
DA:176,0
DA:177,0
DA:178,0
DA:185,1
DA:186,1
DA:187,1
DA:188,1
DA:189,1
DA:191,2
DA:192,1
DA:193,1
DA:194,0
DA:195,0
DA:196,0
DA:201,1
DA:202,2
DA:203,1
DA:204,1
DA:205,1
DA:208,1
DA:209,1
DA:211,1
DA:213,3
DA:214,1
DA:215,1
DA:216,1
DA:217,1
DA:218,1
DA:219,1
DA:220,1
DA:221,1
DA:227,3
DA:231,1
DA:232,3
DA:234,1
DA:235,3
DA:236,1
DA:239,1
DA:241,1
DA:242,1
DA:243,1
DA:244,1
DA:245,1
DA:246,9
DA:248,1
DA:251,1
DA:252,1
DA:253,1
DA:254,1
DA:255,1
DA:256,4
DA:258,1
DA:264,1
DA:265,1
DA:266,1
DA:267,3
DA:277,1
DA:278,0
DA:279,0
DA:280,0
DA:282,0
DA:283,0
DA:284,0
DA:285,0
DA:286,0
DA:290,2
DA:295,1
DA:297,1
DA:298,1
DA:300,1
DA:307,1
DA:308,0
DA:309,0
DA:310,0
DA:312,2
DA:317,1
DA:318,1
DA:319,1
DA:320,1
DA:322,1
DA:329,1
DA:331,3
DA:332,3
DA:333,1
DA:334,1
DA:335,0
DA:336,0
DA:337,0
DA:341,1
DA:342,1
DA:345,1
DA:346,1
DA:349,1
DA:356,1
DA:357,2
DA:358,1
DA:360,1
DA:363,4
DA:364,1
DA:365,1
DA:366,1
DA:367,4
DA:372,1
DA:375,4
DA:376,1
DA:377,1
DA:378,1
DA:379,4
LF:189
LH:145
end_of_record
SF:lib\screens\recipesearch_results.dart
DA:12,1
DA:17,1
DA:19,1
DA:21,0
DA:22,0
DA:31,1
DA:33,1
DA:34,1
DA:37,1
DA:38,2
DA:39,0
DA:40,0
DA:44,1
DA:48,1
DA:49,3
DA:51,2
DA:52,2
DA:53,2
DA:59,1
DA:60,1
DA:61,1
DA:62,1
DA:63,1
DA:69,3
DA:70,2
DA:71,3
DA:73,3
DA:74,2
DA:78,1
DA:79,1
DA:80,3
DA:81,1
DA:82,1
DA:83,1
DA:84,1
DA:85,1
DA:87,2
DA:88,4
DA:92,5
DA:93,2
DA:95,6
DA:96,2
DA:99,2
DA:100,2
DA:101,2
DA:102,5
DA:103,2
DA:107,1
DA:108,1
DA:109,1
DA:110,5
DA:111,2
DA:112,2
DA:113,1
DA:114,3
DA:115,1
DA:116,1
DA:119,2
DA:124,0
DA:125,0
DA:126,0
DA:127,0
DA:131,1
DA:133,1
DA:134,1
DA:135,1
DA:137,1
DA:138,2
DA:140,1
DA:141,2
DA:143,1
DA:144,1
DA:145,1
DA:146,3
DA:147,1
DA:151,1
DA:152,1
DA:154,0
DA:155,0
DA:159,1
DA:161,3
DA:162,1
DA:163,1
DA:165,1
DA:166,1
DA:168,1
DA:169,1
DA:170,1
DA:171,3
DA:177,1
DA:178,0
DA:179,0
DA:180,0
DA:181,0
DA:183,0
DA:184,0
DA:185,0
DA:188,1
LF:98
LH:81
end_of_record
