SF:lib\services\meal_services.dart
DA:7,1
DA:8,1
DA:22,0
DA:26,2
DA:27,1
DA:28,3
DA:29,2
DA:30,1
DA:32,4
DA:33,4
DA:34,3
DA:35,1
DA:36,4
DA:37,1
DA:38,4
DA:39,5
DA:40,1
DA:41,4
DA:47,1
DA:49,2
DA:50,1
DA:51,1
DA:52,1
DA:53,1
DA:54,2
DA:55,1
DA:56,3
DA:58,0
DA:59,0
DA:60,0
DA:62,2
DA:63,1
DA:66,5
DA:67,2
DA:68,4
DA:70,1
DA:75,1
DA:76,1
DA:77,2
DA:78,3
DA:79,1
DA:80,3
DA:82,1
DA:87,1
DA:88,2
DA:89,1
DA:90,1
DA:93,2
DA:94,1
DA:96,3
DA:98,2
DA:99,0
DA:102,6
DA:103,2
DA:104,4
DA:106,1
DA:111,1
DA:112,2
DA:113,1
DA:114,1
DA:117,2
DA:118,1
DA:119,3
DA:121,2
DA:122,0
DA:125,5
DA:126,2
DA:127,4
DA:129,1
DA:134,1
DA:135,2
DA:136,1
DA:137,2
DA:139,1
DA:140,1
DA:142,1
DA:147,3
DA:149,2
DA:151,1
LF:79
LH:73
end_of_record
